<?xml version="1.0" encoding="UTF-8"?>
<!-- Generated by org.testng.reporters.JUnitReportReporter -->
<testsuite hostname="DESKTOP-O6D15VA" failures="0" tests="3" name="files.Dynamicjson" time="3.011" errors="0" timestamp="2023-03-15T02:12:23 GMT-07:00" skipped="0">
  <testcase classname="files.Dynamicjson" name="addBook" time="0.177"/>
  <system-out/>
  <testcase classname="files.Dynamicjson" name="addBook" time="2.688"/>
  <system-out/>
  <testcase classname="files.Dynamicjson" name="addBook" time="0.146"/>
  <system-out/>
</testsuite> <!-- files.Dynamicjson -->
