<?xml version="1.0" encoding="UTF-8"?>
<!-- Generated by org.testng.reporters.JUnitReportReporter -->
<testsuite hostname="DESKTOP-O6D15VA" failures="0" tests="1" name="restDemo.SumValidation" time="2.295" errors="0" timestamp="2023-03-15T00:54:18 GMT-07:00" skipped="0">
  <testcase classname="restDemo.SumValidation" name="sumOfCourse" time="2.295"/>
  <system-out/>
</testsuite> <!-- restDemo.SumValidation -->
